{"name":"hexo","hostname":"yalideMacBook-Pro.local","pid":1501,"level":20,"msg":"Writing database to /Users/yalimac/blog/db.json","time":"2019-06-13T05:43:58.955Z","v":0}
{"name":"hexo","hostname":"yalideMacBook-Pro.local","pid":1501,"level":20,"msg":"Hexo version: \u001b[35m3.8.0\u001b[39m","time":"2019-06-13T05:43:58.965Z","v":0}
{"name":"hexo","hostname":"yalideMacBook-Pro.local","pid":1501,"level":20,"msg":"Working directory: \u001b[35m~/blog/\u001b[39m","time":"2019-06-13T05:43:58.965Z","v":0}
{"name":"hexo","hostname":"yalideMacBook-Pro.local","pid":1501,"level":20,"msg":"Config loaded: \u001b[35m~/blog/_config.yml\u001b[39m","time":"2019-06-13T05:43:59.027Z","v":0}
{"name":"hexo","hostname":"yalideMacBook-Pro.local","pid":1501,"level":20,"msg":"Plugin loaded: \u001b[35mhexo-generator-archive\u001b[39m","time":"2019-06-13T05:43:59.039Z","v":0}
{"name":"hexo","hostname":"yalideMacBook-Pro.local","pid":1501,"level":20,"msg":"Plugin loaded: \u001b[35mhexo-generator-index\u001b[39m","time":"2019-06-13T05:43:59.040Z","v":0}
{"name":"hexo","hostname":"yalideMacBook-Pro.local","pid":1501,"level":20,"msg":"Plugin loaded: \u001b[35mhexo-generator-category\u001b[39m","time":"2019-06-13T05:43:59.041Z","v":0}
{"name":"hexo","hostname":"yalideMacBook-Pro.local","pid":1501,"level":20,"msg":"Plugin loaded: \u001b[35mhexo-generator-tag\u001b[39m","time":"2019-06-13T05:43:59.042Z","v":0}
{"name":"hexo","hostname":"yalideMacBook-Pro.local","pid":1501,"level":20,"msg":"Plugin loaded: \u001b[35mhexo-renderer-ejs\u001b[39m","time":"2019-06-13T05:43:59.043Z","v":0}
{"name":"hexo","hostname":"yalideMacBook-Pro.local","pid":1501,"level":20,"msg":"Plugin loaded: \u001b[35mhexo-deployer-git\u001b[39m","time":"2019-06-13T05:43:59.068Z","v":0}
{"name":"hexo","hostname":"yalideMacBook-Pro.local","pid":1501,"level":20,"msg":"Plugin loaded: \u001b[35mhexo-renderer-marked\u001b[39m","time":"2019-06-13T05:43:59.072Z","v":0}
{"name":"hexo","hostname":"yalideMacBook-Pro.local","pid":1501,"level":20,"msg":"Plugin loaded: \u001b[35mhexo-renderer-stylus\u001b[39m","time":"2019-06-13T05:43:59.073Z","v":0}
{"name":"hexo","hostname":"yalideMacBook-Pro.local","pid":1501,"level":20,"msg":"Plugin loaded: \u001b[35mhexo-server\u001b[39m","time":"2019-06-13T05:43:59.106Z","v":0}
{"name":"hexo","hostname":"yalideMacBook-Pro.local","pid":1501,"level":20,"msg":"Script loaded: \u001b[35mthemes/next/scripts/merge-configs.js\u001b[39m","time":"2019-06-13T05:43:59.119Z","v":0}
{"name":"hexo","hostname":"yalideMacBook-Pro.local","pid":1501,"level":20,"msg":"Script loaded: \u001b[35mthemes/next/scripts/tags/center-quote.js\u001b[39m","time":"2019-06-13T05:43:59.119Z","v":0}
{"name":"hexo","hostname":"yalideMacBook-Pro.local","pid":1501,"level":20,"msg":"Script loaded: \u001b[35mthemes/next/scripts/tags/button.js\u001b[39m","time":"2019-06-13T05:43:59.119Z","v":0}
{"name":"hexo","hostname":"yalideMacBook-Pro.local","pid":1501,"level":20,"msg":"Script loaded: \u001b[35mthemes/next/scripts/tags/exturl.js\u001b[39m","time":"2019-06-13T05:43:59.120Z","v":0}
{"name":"hexo","hostname":"yalideMacBook-Pro.local","pid":1501,"level":20,"msg":"Script loaded: \u001b[35mthemes/next/scripts/tags/label.js\u001b[39m","time":"2019-06-13T05:43:59.121Z","v":0}
{"name":"hexo","hostname":"yalideMacBook-Pro.local","pid":1501,"level":20,"msg":"Script loaded: \u001b[35mthemes/next/scripts/tags/full-image.js\u001b[39m","time":"2019-06-13T05:43:59.121Z","v":0}
{"name":"hexo","hostname":"yalideMacBook-Pro.local","pid":1501,"level":20,"msg":"Script loaded: \u001b[35mthemes/next/scripts/tags/lazy-image.js\u001b[39m","time":"2019-06-13T05:43:59.121Z","v":0}
{"name":"hexo","hostname":"yalideMacBook-Pro.local","pid":1501,"level":20,"msg":"Script loaded: \u001b[35mthemes/next/scripts/tags/note.js\u001b[39m","time":"2019-06-13T05:43:59.122Z","v":0}
{"name":"hexo","hostname":"yalideMacBook-Pro.local","pid":1501,"level":20,"msg":"Script loaded: \u001b[35mthemes/next/scripts/tags/tabs.js\u001b[39m","time":"2019-06-13T05:43:59.122Z","v":0}
{"name":"hexo","hostname":"yalideMacBook-Pro.local","pid":1501,"level":20,"msg":"Script loaded: \u001b[35mthemes/next/scripts/tags/group-pictures.js\u001b[39m","time":"2019-06-13T05:43:59.123Z","v":0}
{"name":"hexo","hostname":"yalideMacBook-Pro.local","pid":1501,"level":20,"msg":"Script loaded: \u001b[35mthemes/next/scripts/merge.js\u001b[39m","time":"2019-06-13T05:43:59.125Z","v":0}
{"name":"hexo","hostname":"yalideMacBook-Pro.local","pid":1501,"level":60,"msg":"Port 4000 has been used. Try other port instead.","time":"2019-06-13T05:43:59.129Z","v":0}
{"name":"hexo","hostname":"yalideMacBook-Pro.local","pid":1501,"level":60,"err":{"message":"listen EADDRINUSE: address already in use :::4000","name":"Error","stack":"Error: listen EADDRINUSE: address already in use :::4000\n    at Server.setupListenHandle [as _listen2] (net.js:1279:14)\n    at listenInCluster (net.js:1327:12)\n    at Server.listen (net.js:1414:7)\n    at /Users/yalimac/blog/node_modules/hexo-server/lib/server.js:82:12\n    at Promise._execute (/Users/yalimac/blog/node_modules/bluebird/js/release/debuggability.js:313:9)\n    at Promise._resolveFromExecutor (/Users/yalimac/blog/node_modules/bluebird/js/release/promise.js:488:18)\n    at new Promise (/Users/yalimac/blog/node_modules/bluebird/js/release/promise.js:79:10)\n    at checkPort (/Users/yalimac/blog/node_modules/hexo-server/lib/server.js:68:10)\n    at Hexo.module.exports (/Users/yalimac/blog/node_modules/hexo-server/lib/server.js:19:10)\n    at Hexo.tryCatcher (/Users/yalimac/blog/node_modules/bluebird/js/release/util.js:16:23)\n    at Hexo.<anonymous> (/Users/yalimac/blog/node_modules/bluebird/js/release/method.js:15:34)\n    at Promise (/Users/yalimac/blog/node_modules/hexo/lib/hexo/index.js:193:9)\n    at Promise._execute (/Users/yalimac/blog/node_modules/bluebird/js/release/debuggability.js:313:9)\n    at Promise._resolveFromExecutor (/Users/yalimac/blog/node_modules/bluebird/js/release/promise.js:488:18)\n    at new Promise (/Users/yalimac/blog/node_modules/bluebird/js/release/promise.js:79:10)\n    at Hexo.call (/Users/yalimac/blog/node_modules/hexo/lib/hexo/index.js:189:10)\n    at findPkg.then.then.then (/usr/local/lib/node_modules/hexo-cli/lib/hexo.js:67:17)\n    at tryCatcher (/usr/local/lib/node_modules/hexo-cli/node_modules/bluebird/js/release/util.js:16:23)\n    at Promise._settlePromiseFromHandler (/usr/local/lib/node_modules/hexo-cli/node_modules/bluebird/js/release/promise.js:517:31)\n    at Promise._settlePromise (/usr/local/lib/node_modules/hexo-cli/node_modules/bluebird/js/release/promise.js:574:18)\n    at Promise._settlePromise0 (/usr/local/lib/node_modules/hexo-cli/node_modules/bluebird/js/release/promise.js:619:10)\n    at Promise._settlePromises (/usr/local/lib/node_modules/hexo-cli/node_modules/bluebird/js/release/promise.js:699:18)","code":"EADDRINUSE"},"msg":"Something's wrong. Maybe you can find the solution here: \u001b[4mhttp://hexo.io/docs/troubleshooting.html\u001b[24m","time":"2019-06-13T05:43:59.129Z","v":0}
{"name":"hexo","hostname":"yalideMacBook-Pro.local","pid":1501,"level":20,"msg":"Database saved","time":"2019-06-13T05:43:59.131Z","v":0}
{"name":"hexo","hostname":"yalideMacBook-Pro.local","pid":1503,"level":20,"msg":"Writing database to /Users/yalimac/blog/db.json","time":"2019-06-13T05:44:57.731Z","v":0}
{"name":"hexo","hostname":"yalideMacBook-Pro.local","pid":1503,"level":20,"msg":"Hexo version: \u001b[35m3.8.0\u001b[39m","time":"2019-06-13T05:44:57.741Z","v":0}
{"name":"hexo","hostname":"yalideMacBook-Pro.local","pid":1503,"level":20,"msg":"Working directory: \u001b[35m~/blog/\u001b[39m","time":"2019-06-13T05:44:57.742Z","v":0}
{"name":"hexo","hostname":"yalideMacBook-Pro.local","pid":1503,"level":20,"msg":"Config loaded: \u001b[35m~/blog/_config.yml\u001b[39m","time":"2019-06-13T05:44:57.805Z","v":0}
{"name":"hexo","hostname":"yalideMacBook-Pro.local","pid":1503,"level":20,"msg":"Plugin loaded: \u001b[35mhexo-generator-category\u001b[39m","time":"2019-06-13T05:44:57.817Z","v":0}
{"name":"hexo","hostname":"yalideMacBook-Pro.local","pid":1503,"level":20,"msg":"Plugin loaded: \u001b[35mhexo-generator-archive\u001b[39m","time":"2019-06-13T05:44:57.818Z","v":0}
{"name":"hexo","hostname":"yalideMacBook-Pro.local","pid":1503,"level":20,"msg":"Plugin loaded: \u001b[35mhexo-generator-index\u001b[39m","time":"2019-06-13T05:44:57.819Z","v":0}
{"name":"hexo","hostname":"yalideMacBook-Pro.local","pid":1503,"level":20,"msg":"Plugin loaded: \u001b[35mhexo-deployer-git\u001b[39m","time":"2019-06-13T05:44:57.845Z","v":0}
{"name":"hexo","hostname":"yalideMacBook-Pro.local","pid":1503,"level":20,"msg":"Plugin loaded: \u001b[35mhexo-generator-tag\u001b[39m","time":"2019-06-13T05:44:57.846Z","v":0}
{"name":"hexo","hostname":"yalideMacBook-Pro.local","pid":1503,"level":20,"msg":"Plugin loaded: \u001b[35mhexo-renderer-ejs\u001b[39m","time":"2019-06-13T05:44:57.848Z","v":0}
{"name":"hexo","hostname":"yalideMacBook-Pro.local","pid":1503,"level":20,"msg":"Plugin loaded: \u001b[35mhexo-renderer-marked\u001b[39m","time":"2019-06-13T05:44:57.852Z","v":0}
{"name":"hexo","hostname":"yalideMacBook-Pro.local","pid":1503,"level":20,"msg":"Plugin loaded: \u001b[35mhexo-renderer-stylus\u001b[39m","time":"2019-06-13T05:44:57.852Z","v":0}
{"name":"hexo","hostname":"yalideMacBook-Pro.local","pid":1503,"level":20,"msg":"Plugin loaded: \u001b[35mhexo-server\u001b[39m","time":"2019-06-13T05:44:57.885Z","v":0}
{"name":"hexo","hostname":"yalideMacBook-Pro.local","pid":1503,"level":20,"msg":"Script loaded: \u001b[35mthemes/next/scripts/tags/button.js\u001b[39m","time":"2019-06-13T05:44:57.888Z","v":0}
{"name":"hexo","hostname":"yalideMacBook-Pro.local","pid":1503,"level":20,"msg":"Script loaded: \u001b[35mthemes/next/scripts/tags/center-quote.js\u001b[39m","time":"2019-06-13T05:44:57.888Z","v":0}
{"name":"hexo","hostname":"yalideMacBook-Pro.local","pid":1503,"level":20,"msg":"Script loaded: \u001b[35mthemes/next/scripts/tags/exturl.js\u001b[39m","time":"2019-06-13T05:44:57.889Z","v":0}
{"name":"hexo","hostname":"yalideMacBook-Pro.local","pid":1503,"level":20,"msg":"Script loaded: \u001b[35mthemes/next/scripts/tags/full-image.js\u001b[39m","time":"2019-06-13T05:44:57.889Z","v":0}
{"name":"hexo","hostname":"yalideMacBook-Pro.local","pid":1503,"level":20,"msg":"Script loaded: \u001b[35mthemes/next/scripts/tags/label.js\u001b[39m","time":"2019-06-13T05:44:57.889Z","v":0}
{"name":"hexo","hostname":"yalideMacBook-Pro.local","pid":1503,"level":20,"msg":"Script loaded: \u001b[35mthemes/next/scripts/merge-configs.js\u001b[39m","time":"2019-06-13T05:44:57.892Z","v":0}
{"name":"hexo","hostname":"yalideMacBook-Pro.local","pid":1503,"level":20,"msg":"Script loaded: \u001b[35mthemes/next/scripts/tags/lazy-image.js\u001b[39m","time":"2019-06-13T05:44:57.892Z","v":0}
{"name":"hexo","hostname":"yalideMacBook-Pro.local","pid":1503,"level":20,"msg":"Script loaded: \u001b[35mthemes/next/scripts/tags/tabs.js\u001b[39m","time":"2019-06-13T05:44:57.893Z","v":0}
{"name":"hexo","hostname":"yalideMacBook-Pro.local","pid":1503,"level":20,"msg":"Script loaded: \u001b[35mthemes/next/scripts/tags/note.js\u001b[39m","time":"2019-06-13T05:44:57.893Z","v":0}
{"name":"hexo","hostname":"yalideMacBook-Pro.local","pid":1503,"level":20,"msg":"Script loaded: \u001b[35mthemes/next/scripts/tags/group-pictures.js\u001b[39m","time":"2019-06-13T05:44:57.894Z","v":0}
{"name":"hexo","hostname":"yalideMacBook-Pro.local","pid":1503,"level":20,"msg":"Script loaded: \u001b[35mthemes/next/scripts/merge.js\u001b[39m","time":"2019-06-13T05:44:57.896Z","v":0}
{"name":"hexo","hostname":"yalideMacBook-Pro.local","pid":1503,"level":60,"msg":"Port 4000 has been used. Try other port instead.","time":"2019-06-13T05:44:57.899Z","v":0}
{"name":"hexo","hostname":"yalideMacBook-Pro.local","pid":1503,"level":60,"err":{"message":"listen EADDRINUSE: address already in use :::4000","name":"Error","stack":"Error: listen EADDRINUSE: address already in use :::4000\n    at Server.setupListenHandle [as _listen2] (net.js:1279:14)\n    at listenInCluster (net.js:1327:12)\n    at Server.listen (net.js:1414:7)\n    at /Users/yalimac/blog/node_modules/hexo-server/lib/server.js:82:12\n    at Promise._execute (/Users/yalimac/blog/node_modules/bluebird/js/release/debuggability.js:313:9)\n    at Promise._resolveFromExecutor (/Users/yalimac/blog/node_modules/bluebird/js/release/promise.js:488:18)\n    at new Promise (/Users/yalimac/blog/node_modules/bluebird/js/release/promise.js:79:10)\n    at checkPort (/Users/yalimac/blog/node_modules/hexo-server/lib/server.js:68:10)\n    at Hexo.module.exports (/Users/yalimac/blog/node_modules/hexo-server/lib/server.js:19:10)\n    at Hexo.tryCatcher (/Users/yalimac/blog/node_modules/bluebird/js/release/util.js:16:23)\n    at Hexo.<anonymous> (/Users/yalimac/blog/node_modules/bluebird/js/release/method.js:15:34)\n    at Promise (/Users/yalimac/blog/node_modules/hexo/lib/hexo/index.js:193:9)\n    at Promise._execute (/Users/yalimac/blog/node_modules/bluebird/js/release/debuggability.js:313:9)\n    at Promise._resolveFromExecutor (/Users/yalimac/blog/node_modules/bluebird/js/release/promise.js:488:18)\n    at new Promise (/Users/yalimac/blog/node_modules/bluebird/js/release/promise.js:79:10)\n    at Hexo.call (/Users/yalimac/blog/node_modules/hexo/lib/hexo/index.js:189:10)\n    at findPkg.then.then.then (/usr/local/lib/node_modules/hexo-cli/lib/hexo.js:67:17)\n    at tryCatcher (/usr/local/lib/node_modules/hexo-cli/node_modules/bluebird/js/release/util.js:16:23)\n    at Promise._settlePromiseFromHandler (/usr/local/lib/node_modules/hexo-cli/node_modules/bluebird/js/release/promise.js:517:31)\n    at Promise._settlePromise (/usr/local/lib/node_modules/hexo-cli/node_modules/bluebird/js/release/promise.js:574:18)\n    at Promise._settlePromise0 (/usr/local/lib/node_modules/hexo-cli/node_modules/bluebird/js/release/promise.js:619:10)\n    at Promise._settlePromises (/usr/local/lib/node_modules/hexo-cli/node_modules/bluebird/js/release/promise.js:699:18)","code":"EADDRINUSE"},"msg":"Something's wrong. Maybe you can find the solution here: \u001b[4mhttp://hexo.io/docs/troubleshooting.html\u001b[24m","time":"2019-06-13T05:44:57.899Z","v":0}
{"name":"hexo","hostname":"yalideMacBook-Pro.local","pid":1503,"level":20,"msg":"Database saved","time":"2019-06-13T05:44:57.901Z","v":0}
